1596477926906	geckodriver	INFO	Listening on 127.0.0.1:57043
1596477929784	mozrunner::runner	INFO	Running command: "C:\\Program Files (x86)\\Mozilla Firefox\\firefox.exe" "--marionette" "-foreground" "-no-remote" "-profile" "C:\\Users\\Owner\\AppData\\Local\\Temp\\rust_mozprofileqnGIMD"
JavaScript error: resource://gre/modules/XULStore.jsm, line 66: Error: Can't find profile directory.
console.error: SearchCache: "_readCacheFile: Error reading cache file:" (new Error("", "(unknown module)"))
1596477940384	Marionette	INFO	Listening on port 57051
1596477941193	Marionette	WARN	TLS certificate errors will be ignored for this session
1596478008458	Marionette	INFO	Stopped listening on port 57051

###!!! [Child][RunMessage] Error: Channel closing: too late to send/recv, messages will be lost


###!!! [Child][MessageChannel::SendAndWait] Error: Channel error: cannot send/recv

1596478107686	geckodriver	INFO	Listening on 127.0.0.1:57122
1596478110717	mozrunner::runner	INFO	Running command: "C:\\Program Files (x86)\\Mozilla Firefox\\firefox.exe" "--marionette" "-foreground" "-no-remote" "-profile" "C:\\Users\\Owner\\AppData\\Local\\Temp\\rust_mozprofileYzwqIV"
JavaScript error: resource://gre/modules/XULStore.jsm, line 66: Error: Can't find profile directory.
console.error: SearchCache: "_readCacheFile: Error reading cache file:" (new Error("", "(unknown module)"))
1596478118281	Marionette	INFO	Listening on port 57130
1596478118629	Marionette	WARN	TLS certificate errors will be ignored for this session
JavaScript error: , line 0: AbortError: A request was aborted, for example through a call to IDBTransaction.abort.
1596478162178	Marionette	INFO	Stopped listening on port 57130

###!!! [Child][RunMessage] Error: Channel closing: too late to send/recv, messages will be lost


###!!! [Child][MessageChannel::SendAndWait] Error: Channel error: cannot send/recv

1596478183735	geckodriver	INFO	Listening on 127.0.0.1:57172
1596478186822	mozrunner::runner	INFO	Running command: "C:\\Program Files (x86)\\Mozilla Firefox\\firefox.exe" "--marionette" "-foreground" "-no-remote" "-profile" "C:\\Users\\Owner\\AppData\\Local\\Temp\\rust_mozprofile7wvFYu"
JavaScript error: resource://gre/modules/XULStore.jsm, line 66: Error: Can't find profile directory.
console.error: SearchCache: "_readCacheFile: Error reading cache file:" (new Error("", "(unknown module)"))
1596478192423	Marionette	INFO	Listening on port 57180
1596478192620	Marionette	WARN	TLS certificate errors will be ignored for this session
IPDL protocol error: Handler returned error code!

###!!! [Parent][DispatchAsyncMessage] Error: PLayerTransaction::Msg_ReleaseLayer Processing error: message was deserialized, but the handler returned false (indicating failure)

[Parent 16396, Gecko_IOThread] WARNING: file /builds/worker/checkouts/gecko/ipc/chromium/src/base/process_util_win.cc, line 166
1596478238732	Marionette	INFO	Stopped listening on port 57180

###!!! [Child][RunMessage] Error: Channel closing: too late to send/recv, messages will be lost


###!!! [Child][MessageChannel::SendAndWait] Error: Channel error: cannot send/recv

1596478282445	geckodriver	INFO	Listening on 127.0.0.1:57247
1596478285492	mozrunner::runner	INFO	Running command: "C:\\Program Files (x86)\\Mozilla Firefox\\firefox.exe" "--marionette" "-foreground" "-no-remote" "-profile" "C:\\Users\\Owner\\AppData\\Local\\Temp\\rust_mozprofileefm4KG"
JavaScript error: resource://gre/modules/XULStore.jsm, line 66: Error: Can't find profile directory.
console.error: SearchCache: "_readCacheFile: Error reading cache file:" (new Error("", "(unknown module)"))
1596478291196	Marionette	INFO	Listening on port 57255
1596478291292	Marionette	WARN	TLS certificate errors will be ignored for this session
IPDL protocol error: Handler returned error code!

###!!! [Parent][DispatchAsyncMessage] Error: PLayerTransaction::Msg_ReleaseLayer Processing error: message was deserialized, but the handler returned false (indicating failure)

JavaScript error: resource://gre/modules/IndexedDB.jsm, line 370: UnknownError: IDBDatabase.transaction: Can't start IndexedDB transaction during shutdown
1596478330894	Marionette	INFO	Stopped listening on port 57255

###!!! [Child][RunMessage] Error: Channel closing: too late to send/recv, messages will be lost


###!!! [Child][MessageChannel::SendAndWait] Error: Channel error: cannot send/recv

1596478507355	geckodriver	INFO	Listening on 127.0.0.1:57357
1596478510429	mozrunner::runner	INFO	Running command: "C:\\Program Files (x86)\\Mozilla Firefox\\firefox.exe" "--marionette" "-foreground" "-no-remote" "-profile" "C:\\Users\\Owner\\AppData\\Local\\Temp\\rust_mozprofilevafgaG"
JavaScript error: resource://gre/modules/XULStore.jsm, line 66: Error: Can't find profile directory.
console.error: SearchCache: "_readCacheFile: Error reading cache file:" (new Error("", "(unknown module)"))
1596478514500	Marionette	INFO	Listening on port 57365
1596478514636	Marionette	WARN	TLS certificate errors will be ignored for this session
1596478559689	Marionette	INFO	Stopped listening on port 57365

###!!! [Child][RunMessage] Error: Channel closing: too late to send/recv, messages will be lost


###!!! [Child][MessageChannel::SendAndWait] Error: Channel error: cannot send/recv

1596478652225	geckodriver	INFO	Listening on 127.0.0.1:57453
1596478655299	mozrunner::runner	INFO	Running command: "C:\\Program Files (x86)\\Mozilla Firefox\\firefox.exe" "--marionette" "-foreground" "-no-remote" "-profile" "C:\\Users\\Owner\\AppData\\Local\\Temp\\rust_mozprofilei3SEBD"
JavaScript error: resource://gre/modules/XULStore.jsm, line 66: Error: Can't find profile directory.
console.error: SearchCache: "_readCacheFile: Error reading cache file:" (new Error("", "(unknown module)"))
1596478660206	Marionette	INFO	Listening on port 57461
1596478660618	Marionette	WARN	TLS certificate errors will be ignored for this session
JavaScript error: resource://gre/modules/UrlClassifierListManager.jsm, line 691: TypeError: this.tablesData[table] is undefined
console.warn: SearchService: "_init: abandoning init due to shutting down"
JavaScript error: , line 0: uncaught exception: 2147500036
JavaScript error: , line 0: uncaught exception: 2147500036
JavaScript error: , line 0: uncaught exception: 2147500036
JavaScript error: , line 0: uncaught exception: 2147500036
JavaScript error: , line 0: uncaught exception: 2147500036
JavaScript error: , line 0: uncaught exception: 2147500036
1596478674986	Marionette	INFO	Stopped listening on port 57461

###!!! [Child][RunMessage] Error: Channel closing: too late to send/recv, messages will be lost


###!!! [Child][MessageChannel::SendAndWait] Error: Channel error: cannot send/recv

1596478759545	geckodriver	INFO	Listening on 127.0.0.1:57542
1596478762573	mozrunner::runner	INFO	Running command: "C:\\Program Files (x86)\\Mozilla Firefox\\firefox.exe" "--marionette" "-foreground" "-no-remote" "-profile" "C:\\Users\\Owner\\AppData\\Local\\Temp\\rust_mozprofileOacCnn"
JavaScript error: resource://gre/modules/XULStore.jsm, line 66: Error: Can't find profile directory.
console.error: SearchCache: "_readCacheFile: Error reading cache file:" (new Error("", "(unknown module)"))
1596478768402	Marionette	INFO	Listening on port 57550
1596478768918	Marionette	WARN	TLS certificate errors will be ignored for this session
1596478794280	Marionette	INFO	Stopped listening on port 57550

###!!! [Child][RunMessage] Error: Channel closing: too late to send/recv, messages will be lost


###!!! [Child][MessageChannel::SendAndWait] Error: Channel error: cannot send/recv

1596478821695	geckodriver	INFO	Listening on 127.0.0.1:57618
1596478824741	mozrunner::runner	INFO	Running command: "C:\\Program Files (x86)\\Mozilla Firefox\\firefox.exe" "--marionette" "-foreground" "-no-remote" "-profile" "C:\\Users\\Owner\\AppData\\Local\\Temp\\rust_mozprofileip9RMj"
JavaScript error: resource://gre/modules/XULStore.jsm, line 66: Error: Can't find profile directory.
console.error: SearchCache: "_readCacheFile: Error reading cache file:" (new Error("", "(unknown module)"))
1596478830425	Marionette	INFO	Listening on port 57626
1596478830559	Marionette	WARN	TLS certificate errors will be ignored for this session
[Parent 10552, Gecko_IOThread] WARNING: file /builds/worker/checkouts/gecko/ipc/chromium/src/base/process_util_win.cc, line 166
IPDL protocol error: Handler returned error code!

###!!! [Parent][DispatchAsyncMessage] Error: PLayerTransaction::Msg_ReleaseLayer Processing error: message was deserialized, but the handler returned false (indicating failure)

1596478882783	Marionette	INFO	Stopped listening on port 57626

###!!! [Child][RunMessage] Error: Channel closing: too late to send/recv, messages will be lost

JavaScript error: resource://gre/modules/osfile/osfile_async_front.jsm, line 426: Error: OS.File has been shut down. Rejecting post to DirectoryIterator_prototype_close
JavaScript error: resource://gre/modules/osfile/osfile_async_front.jsm, line 446: Error: OS.File has been shut down. Rejecting request to new_DirectoryIterator

###!!! [Child][MessageChannel::SendAndWait] Error: Channel error: cannot send/recv

1596478903025	geckodriver	INFO	Listening on 127.0.0.1:57692
1596478906111	mozrunner::runner	INFO	Running command: "C:\\Program Files (x86)\\Mozilla Firefox\\firefox.exe" "--marionette" "-foreground" "-no-remote" "-profile" "C:\\Users\\Owner\\AppData\\Local\\Temp\\rust_mozprofilen0icnn"
JavaScript error: resource://gre/modules/XULStore.jsm, line 66: Error: Can't find profile directory.
console.error: SearchCache: "_readCacheFile: Error reading cache file:" (new Error("", "(unknown module)"))
1596478912290	Marionette	INFO	Listening on port 57701
1596478912436	Marionette	WARN	TLS certificate errors will be ignored for this session

###!!! [Child][RunMessage] Error: Channel closing: too late to send/recv, messages will be lost

IPDL protocol error: Handler returned error code!

###!!! [Parent][DispatchAsyncMessage] Error: PLayerTransaction::Msg_ReleaseLayer Processing error: message was deserialized, but the handler returned false (indicating failure)

1596478948198	Marionette	INFO	Stopped listening on port 57701

###!!! [Child][RunMessage] Error: Channel closing: too late to send/recv, messages will be lost


###!!! [Child][MessageChannel::SendAndWait] Error: Channel error: cannot send/recv

1596500364580	geckodriver	INFO	Listening on 127.0.0.1:54182
1596500368337	mozrunner::runner	INFO	Running command: "C:\\Program Files (x86)\\Mozilla Firefox\\firefox.exe" "--marionette" "-foreground" "-no-remote" "-profile" "C:\\Users\\Owner\\AppData\\Local\\Temp\\rust_mozprofileayoVFm"
JavaScript error: resource://gre/modules/XULStore.jsm, line 66: Error: Can't find profile directory.
console.error: SearchCache: "_readCacheFile: Error reading cache file:" (new Error("", "(unknown module)"))
1596500385712	Marionette	INFO	Listening on port 54190
1596500385769	Marionette	WARN	TLS certificate errors will be ignored for this session
1596500919303	Marionette	INFO	Stopped listening on port 54190

###!!! [Child][RunMessage] Error: Channel closing: too late to send/recv, messages will be lost


###!!! [Child][MessageChannel::SendAndWait] Error: Channel error: cannot send/recv

1596501089638	geckodriver	INFO	Listening on 127.0.0.1:54404
1596501093074	mozrunner::runner	INFO	Running command: "C:\\Program Files (x86)\\Mozilla Firefox\\firefox.exe" "--marionette" "-foreground" "-no-remote" "-profile" "C:\\Users\\Owner\\AppData\\Local\\Temp\\rust_mozprofileCcSLFB"
JavaScript error: resource://gre/modules/XULStore.jsm, line 66: Error: Can't find profile directory.
console.error: SearchCache: "_readCacheFile: Error reading cache file:" (new Error("", "(unknown module)"))
1596501104506	Marionette	INFO	Listening on port 54412
1596501104891	Marionette	WARN	TLS certificate errors will be ignored for this session
[Parent 9836, Gecko_IOThread] WARNING: file /builds/worker/checkouts/gecko/ipc/chromium/src/base/process_util_win.cc, line 166
1596501192757	Marionette	INFO	Stopped listening on port 54412

###!!! [Child][RunMessage] Error: Channel closing: too late to send/recv, messages will be lost

1596501398548	geckodriver	INFO	Listening on 127.0.0.1:54555
1596501401616	mozrunner::runner	INFO	Running command: "C:\\Program Files (x86)\\Mozilla Firefox\\firefox.exe" "--marionette" "-foreground" "-no-remote" "-profile" "C:\\Users\\Owner\\AppData\\Local\\Temp\\rust_mozprofileCYBhXa"
JavaScript error: resource://gre/modules/XULStore.jsm, line 66: Error: Can't find profile directory.
console.error: SearchCache: "_readCacheFile: Error reading cache file:" (new Error("", "(unknown module)"))
1596501408155	Marionette	INFO	Listening on port 54563
1596501408440	Marionette	WARN	TLS certificate errors will be ignored for this session
1596501510032	Marionette	INFO	Stopped listening on port 54563

###!!! [Child][RunMessage] Error: Channel closing: too late to send/recv, messages will be lost


###!!! [Child][MessageChannel::SendAndWait] Error: Channel error: cannot send/recv

ocal\\Temp\\rust_mozprofilenTWnEs"
JavaScript error: resource://gre/modules/XULStore.jsm, line 66: Error: Can't find profile directory.
console.error: SearchCache: "_readCacheFile: Error reading cache file:" (new Error("", "(unknown module)"))
console.error: "Could not write session state file " (new Error("_initWorker called too early! Please read the session file from disk first.", "resource:///modules/sessionstore/SessionFile.jsm", 375)) "_initWorker/<@resource:///modules/sessionstore/SessionFile.jsm:375:15\n_initWorker@resource:///modules/sessionstore/SessionFile.jsm:368:12\n_postToWorker@resource:///modules/sessionstore/SessionFile.jsm:410:16\nwrite@resource:///modules/sessionstore/SessionFile.jsm:448:24\nwrite@resource:///modules/sessionstore/SessionFile.jsm:75:32\n_writeState@resource:///modules/sessionstore/SessionSaver.jsm:360:24\n_saveState@resource:///modules/sessionstore/SessionSaver.jsm:294:17\n_saveStateAsync@resource:///modules/sessionstore/SessionSaver.jsm:344:10\nsaveStateAsyncWhenIdle@resource:///modules/sessionstore/SessionSaver.jsm:191:14\ncallback@resource://gre/modules/Timer.jsm:127:16\n"
1596501432186	Marionette	INFO	Listening on port 54629
1596501432240	Marionette	WARN	TLS certificate errors will be ignored for this session
[Parent 5696, Gecko_IOThread] WARNING: file /builds/worker/checkouts/gecko/ipc/chromium/src/base/process_util_win.cc, line 166
1596501549987	Marionette	INFO	Stopped listening on port 54629

###!!! [Child][RunMessage] Error: Channel closing: too late to send/recv, messages will be lost


###!!! [Child][MessageChannel::SendAndWait] Error: Channel error: cannot send/recv

1596566585401	geckodriver	INFO	Listening on 127.0.0.1:57447
1596566588479	mozrunner::runner	INFO	Running command: "C:\\Program Files (x86)\\Mozilla Firefox\\firefox.exe" "--marionette" "-foreground" "-no-remote" "-profile" "C:\\Users\\Owner\\AppData\\Local\\Temp\\rust_mozprofilebHbQct"
JavaScript error: resource://gre/modules/XULStore.jsm, line 66: Error: Can't find profile directory.
console.error: SearchCache: "_readCacheFile: Error reading cache file:" (new Error("", "(unknown module)"))
1596566597135	Marionette	INFO	Listening on port 57456
1596566597426	Marionette	WARN	TLS certificate errors will be ignored for this session
IPDL protocol error: Handler returned error code!

###!!! [Parent][DispatchAsyncMessage] Error: PLayerTransaction::Msg_ReleaseLayer Processing error: message was deserialized, but the handler returned false (indicating failure)

1596566942095	Marionette	INFO	Stopped listening on port 57456

###!!! [Child][RunMessage] Error: Channel closing: too late to send/recv, messages will be lost


###!!! [Child][MessageChannel::SendAndWait] Error: Channel error: cannot send/recv

1596567505515	geckodriver	INFO	Listening on 127.0.0.1:57640
1596567508585	mozrunner::runner	INFO	Running command: "C:\\Program Files (x86)\\Mozilla Firefox\\firefox.exe" "--marionette" "-foreground" "-no-remote" "-profile" "C:\\Users\\Owner\\AppData\\Local\\Temp\\rust_mozprofileGG1MSN"
JavaScript error: resource://gre/modules/XULStore.jsm, line 66: Error: Can't find profile directory.
console.error: SearchCache: "_readCacheFile: Error reading cache file:" (new Error("", "(unknown module)"))
1596567513047	Marionette	INFO	Listening on port 57650
1596567513313	Marionette	WARN	TLS certificate errors will be ignored for this session
[Parent 13012, Gecko_IOThread] WARNING: file /builds/worker/checkouts/gecko/ipc/chromium/src/base/process_util_win.cc, line 166
IPDL protocol error: Handler returned error code!

###!!! [Parent][DispatchAsyncMessage] Error: PLayerTransaction::Msg_ReleaseLayer Processing error: message was deserialized, but the handler returned false (indicating failure)

1596567537400	Marionette	INFO	Stopped listening on port 57650

###!!! [Child][RunMessage] Error: Channel closing: too late to send/recv, messages will be lost


###!!! [Child][MessageChannel::SendAndWait] Error: Channel error: cannot send/recv

1596572394205	geckodriver	INFO	Listening on 127.0.0.1:58418
1596572397350	mozrunner::runner	INFO	Running command: "C:\\Program Files (x86)\\Mozilla Firefox\\firefox.exe" "--marionette" "-foreground" "-no-remote" "-profile" "C:\\Users\\Owner\\AppData\\Local\\Temp\\rust_mozprofiles2gQ8h"
JavaScript error: resource://gre/modules/XULStore.jsm, line 66: Error: Can't find profile directory.
console.error: SearchCache: "_readCacheFile: Error reading cache file:" (new Error("", "(unknown module)"))
1596572410033	Marionette	INFO	Listening on port 58427
1596572410476	Marionette	WARN	TLS certificate errors will be ignored for this session
IPDL protocol error: Handler returned error code!

###!!! [Parent][DispatchAsyncMessage] Error: PLayerTransaction::Msg_ReleaseLayer Processing error: message was deserialized, but the handler returned false (indicating failure)

1596572884381	Marionette	INFO	Stopped listening on port 58427

###!!! [Child][RunMessage] Error: Channel closing: too late to send/recv, messages will be lost


###!!! [Child][MessageChannel::SendAndWait] Error: Channel error: cannot send/recv

1596574154759	geckodriver	INFO	Listening on 127.0.0.1:58703
1596574157836	mozrunner::runner	INFO	Running command: "C:\\Program Files (x86)\\Mozilla Firefox\\firefox.exe" "--marionette" "-foreground" "-no-remote" "-profile" "C:\\Users\\Owner\\AppData\\Local\\Temp\\rust_mozprofileUiCUWv"
JavaScript error: resource://gre/modules/XULStore.jsm, line 66: Error: Can't find profile directory.
console.error: SearchCache: "_readCacheFile: Error reading cache file:" (new Error("", "(unknown module)"))
1596574163782	Marionette	INFO	Listening on port 58711
1596574164116	Marionette	WARN	TLS certificate errors will be ignored for this session
1596574750709	Marionette	INFO	Stopped listening on port 58711

###!!! [Child][RunMessage] Error: Channel closing: too late to send/recv, messages will be lost

1596574911327	geckodriver	INFO	Listening on 127.0.0.1:58863
1596574914343	mozrunner::runner	INFO	Running command: "C:\\Program Files (x86)\\Mozilla Firefox\\firefox.exe" "--marionette" "-foreground" "-no-remote" "-profile" "C:\\Users\\Owner\\AppData\\Local\\Temp\\rust_mozprofileuy6UdO"
JavaScript error: resource://gre/modules/XULStore.jsm, line 66: Error: Can't find profile directory.
console.error: SearchCache: "_readCacheFile: Error reading cache file:" (new Error("", "(unknown module)"))
1596574921129	Marionette	INFO	Listening on port 58871
1596574921167	Marionette	WARN	TLS certificate errors will be ignored for this session
[Parent 12228, Gecko_IOThread] WARNING: file /builds/worker/checkouts/gecko/ipc/chromium/src/base/process_util_win.cc, line 166
1596575022515	Marionette	INFO	Stopped listening on port 58871

###!!! [Child][RunMessage] Error: Channel closing: too late to send/recv, messages will be lost


###!!! [Child][MessageChannel::SendAndWait] Error: Channel error: cannot send/recv

1596575119945	geckodriver	INFO	Listening on 127.0.0.1:58954
1596575123033	mozrunner::runner	INFO	Running command: "C:\\Program Files (x86)\\Mozilla Firefox\\firefox.exe" "--marionette" "-foreground" "-no-remote" "-profile" "C:\\Users\\Owner\\AppData\\Local\\Temp\\rust_mozprofilebSS8I0"
JavaScript error: resource://gre/modules/XULStore.jsm, line 66: Error: Can't find profile directory.
console.error: SearchCache: "_readCacheFile: Error reading cache file:" (new Error("", "(unknown module)"))
1596575126737	Marionette	INFO	Listening on port 58962
1596575127147	Marionette	WARN	TLS certificate errors will be ignored for this session
[Parent 13524, Gecko_IOThread] WARNING: file /builds/worker/checkouts/gecko/ipc/chromium/src/base/process_util_win.cc, line 166
1596575171875	Marionette	INFO	Stopped listening on port 58962

###!!! [Child][MessageChannel::SendAndWait] Error: Channel error: cannot send/recv

1596640713040	geckodriver	INFO	Listening on 127.0.0.1:61916
1596640716378	mozrunner::runner	INFO	Running command: "C:\\Program Files (x86)\\Mozilla Firefox\\firefox.exe" "--marionette" "-foreground" "-no-remote" "-profile" "C:\\Users\\Owner\\AppData\\Local\\Temp\\rust_mozprofile5MISTf"
JavaScript error: resource://gre/modules/XULStore.jsm, line 66: Error: Can't find profile directory.
console.error: SearchCache: "_readCacheFile: Error reading cache file:" (new Error("", "(unknown module)"))
1596640731704	Marionette	INFO	Listening on port 61924
1596640732314	Marionette	WARN	TLS certificate errors will be ignored for this session
[Parent 14292, Gecko_IOThread] WARNING: file /builds/worker/checkouts/gecko/ipc/chromium/src/base/process_util_win.cc, line 166
IPDL protocol error: Handler returned error code!

###!!! [Parent][DispatchAsyncMessage] Error: PLayerTransaction::Msg_ReleaseLayer Processing error: message was deserialized, but the handler returned false (indicating failure)

[Parent 14292, Gecko_IOThread] WARNING: file /builds/worker/checkouts/gecko/ipc/chromium/src/base/process_util_win.cc, line 166
1596640839206	Marionette	INFO	Stopped listening on port 61924

###!!! [Child][MessageChannel::SendAndWait] Error: Channel error: cannot send/recv

1596640938239	geckodriver	INFO	Listening on 127.0.0.1:62023
1596640941282	mozrunner::runner	INFO	Running command: "C:\\Program Files (x86)\\Mozilla Firefox\\firefox.exe" "--marionette" "-foreground" "-no-remote" "-profile" "C:\\Users\\Owner\\AppData\\Local\\Temp\\rust_mozprofileXBKqfz"
JavaScript error: resource://gre/modules/XULStore.jsm, line 66: Error: Can't find profile directory.
console.error: SearchCache: "_readCacheFile: Error reading cache file:" (new Error("", "(unknown module)"))
1596640945848	Marionette	INFO	Listening on port 62032
1596640946059	Marionette	WARN	TLS certificate errors will be ignored for this session
1596640969188	Marionette	INFO	Stopped listening on port 62032

###!!! [Child][MessageChannel::SendAndWait] Error: Channel error: cannot send/recv

1596642978807	geckodriver	INFO	Listening on 127.0.0.1:62368
1596642982042	mozrunner::runner	INFO	Running command: "C:\\Program Files (x86)\\Mozilla Firefox\\firefox.exe" "--marionette" "-foreground" "-no-remote" "-profile" "C:\\Users\\Owner\\AppData\\Local\\Temp\\rust_mozprofilePIMgUt"
JavaScript error: resource://gre/modules/XULStore.jsm, line 66: Error: Can't find profile directory.
console.error: SearchCache: "_readCacheFile: Error reading cache file:" (new Error("", "(unknown module)"))
1596642986063	Marionette	INFO	Listening on port 62376
1596642986218	Marionette	WARN	TLS certificate errors will be ignored for this session
IPDL protocol error: Handler returned error code!

###!!! [Parent][DispatchAsyncMessage] Error: PLayerTransaction::Msg_ReleaseLayer Processing error: message was deserialized, but the handler returned false (indicating failure)

1596643038362	Marionette	INFO	Stopped listening on port 62376

###!!! [Child][RunMessage] Error: Channel closing: too late to send/recv, messages will be lost


###!!! [Child][MessageChannel::SendAndWait] Error: Channel error: cannot send/recv

